<?xml version="1.0" encoding="UTF-8"?>
<testng-results ignored="0" total="1" passed="1" failed="0" skipped="0">
  <reporter-output>
    <line>
      <![CDATA[===DB CONNECTION===]]>
    </line>
    <line>
      <![CDATA[chrome browser has launch]]>
    </line>
    <line>
      <![CDATA[user get login successfully to the app]]>
    </line>
    <line>
      <![CDATA[==ORGANIATION IS CREATED AND TC IS PASSED]]>
    </line>
    <line>
      <![CDATA[user gets logout from app successfully]]>
    </line>
    <line>
      <![CDATA[close browser]]>
    </line>
    <line>
      <![CDATA[===DB DISCONNECTION===]]>
    </line>
  </reporter-output>
  <suite started-at="2024-08-13T15:15:41 IST" name="Default suite" finished-at="2024-08-13T15:16:20 IST" duration-ms="39002">
    <groups>
    </groups>
    <test started-at="2024-08-13T15:15:41 IST" name="Default test" finished-at="2024-08-13T15:16:20 IST" duration-ms="39002">
      <class name="OrganizationTest.CreatOrgainzationTest">
        <test-method is-config="true" signature="bsconfig()[pri:0, instance:OrganizationTest.CreatOrgainzationTest@26e356f0]" started-at="2024-08-13T15:15:41 IST" name="bsconfig" finished-at="2024-08-13T15:15:41 IST" duration-ms="13" status="PASS">
          <reporter-output>
            <line>
              <![CDATA[===DB CONNECTION===]]>
            </line>
          </reporter-output>
        </test-method> <!-- bsconfig -->
        <test-method is-config="true" signature="bcconfig()[pri:0, instance:OrganizationTest.CreatOrgainzationTest@26e356f0]" started-at="2024-08-13T15:15:41 IST" name="bcconfig" finished-at="2024-08-13T15:15:55 IST" duration-ms="13692" status="PASS">
          <reporter-output>
            <line>
              <![CDATA[chrome browser has launch]]>
            </line>
          </reporter-output>
        </test-method> <!-- bcconfig -->
        <test-method is-config="true" signature="logintoapp()[pri:0, instance:OrganizationTest.CreatOrgainzationTest@26e356f0]" started-at="2024-08-13T15:15:55 IST" name="logintoapp" finished-at="2024-08-13T15:16:04 IST" duration-ms="9275" status="PASS">
          <reporter-output>
            <line>
              <![CDATA[user get login successfully to the app]]>
            </line>
          </reporter-output>
        </test-method> <!-- logintoapp -->
        <test-method signature="creatorg()[pri:0, instance:OrganizationTest.CreatOrgainzationTest@26e356f0]" started-at="2024-08-13T15:16:04 IST" name="creatorg" finished-at="2024-08-13T15:16:19 IST" duration-ms="14048" status="PASS">
          <reporter-output>
            <line>
              <![CDATA[==ORGANIATION IS CREATED AND TC IS PASSED]]>
            </line>
          </reporter-output>
        </test-method> <!-- creatorg -->
        <test-method is-config="true" signature="logtoapp()[pri:0, instance:OrganizationTest.CreatOrgainzationTest@26e356f0]" started-at="2024-08-13T15:16:19 IST" name="logtoapp" finished-at="2024-08-13T15:16:20 IST" duration-ms="1653" status="PASS">
          <reporter-output>
            <line>
              <![CDATA[user gets logout from app successfully]]>
            </line>
          </reporter-output>
        </test-method> <!-- logtoapp -->
        <test-method is-config="true" signature="teardown()[pri:0, instance:OrganizationTest.CreatOrgainzationTest@26e356f0]" started-at="2024-08-13T15:16:20 IST" name="teardown" finished-at="2024-08-13T15:16:20 IST" duration-ms="274" status="PASS">
          <reporter-output>
            <line>
              <![CDATA[close browser]]>
            </line>
          </reporter-output>
        </test-method> <!-- teardown -->
        <test-method is-config="true" signature="asconfig()[pri:0, instance:OrganizationTest.CreatOrgainzationTest@26e356f0]" started-at="2024-08-13T15:16:21 IST" name="asconfig" finished-at="2024-08-13T15:16:21 IST" duration-ms="1" status="PASS">
          <reporter-output>
            <line>
              <![CDATA[===DB DISCONNECTION===]]>
            </line>
          </reporter-output>
        </test-method> <!-- asconfig -->
      </class> <!-- OrganizationTest.CreatOrgainzationTest -->
    </test> <!-- Default test -->
  </suite> <!-- Default suite -->
</testng-results>
